[2021-03-15 21:00:05,483] {scheduler_job.py:154} INFO - Started process (PID=6448) to work on /home/alunoigti/airflow/dags/treino03.py
[2021-03-15 21:00:05,495] {scheduler_job.py:1589} INFO - Processing file /home/alunoigti/airflow/dags/treino03.py for tasks to queue
[2021-03-15 21:00:05,497] {logging_mixin.py:112} INFO - [2021-03-15 21:00:05,496] {dagbag.py:417} INFO - Filling up the DagBag from /home/alunoigti/airflow/dags/treino03.py
[2021-03-15 21:00:06,008] {scheduler_job.py:1601} INFO - DAG(s) dict_keys(['treino-03']) retrieved from /home/alunoigti/airflow/dags/treino03.py
[2021-03-15 21:00:06,053] {scheduler_job.py:1305} INFO - Processing treino-03
[2021-03-15 21:00:06,236] {scheduler_job.py:1315} INFO - Created <DagRun treino-03 @ 2021-03-15 23:54:00+00:00: scheduled__2021-03-15T23:54:00+00:00, externally triggered: False>
[2021-03-15 21:00:06,241] {scheduler_job.py:771} INFO - Examining DAG run <DagRun treino-03 @ 2021-03-15 23:50:00+00:00: scheduled__2021-03-15T23:50:00+00:00, externally triggered: False>
[2021-03-15 21:00:06,290] {scheduler_job.py:771} INFO - Examining DAG run <DagRun treino-03 @ 2021-03-15 23:52:00+00:00: scheduled__2021-03-15T23:52:00+00:00, externally triggered: False>
[2021-03-15 21:00:06,304] {scheduler_job.py:771} INFO - Examining DAG run <DagRun treino-03 @ 2021-03-15 23:54:00+00:00: scheduled__2021-03-15T23:54:00+00:00, externally triggered: False>
[2021-03-15 21:00:06,316] {scheduler_job.py:771} INFO - Examining DAG run <DagRun treino-03 @ 2021-03-15 23:55:12.998804+00:00: manual__2021-03-15T23:55:12.998804+00:00, externally triggered: True>
[2021-03-15 21:00:06,345] {scheduler_job.py:771} INFO - Examining DAG run <DagRun treino-03 @ 2021-03-15 23:59:36.550640+00:00: manual__2021-03-15T23:59:36.550640+00:00, externally triggered: True>
[2021-03-15 21:00:06,599] {scheduler_job.py:459} INFO - Skipping SLA check for <DAG: treino-03> because no tasks in DAG have SLAs
[2021-03-15 21:00:06,604] {scheduler_job.py:1668} INFO - Creating / updating <TaskInstance: treino-03.get_data 2021-03-15 23:52:00+00:00 [scheduled]> in ORM
[2021-03-15 21:00:06,609] {scheduler_job.py:1668} INFO - Creating / updating <TaskInstance: treino-03.get_data 2021-03-15 23:54:00+00:00 [scheduled]> in ORM
[2021-03-15 21:00:06,614] {scheduler_job.py:1668} INFO - Creating / updating <TaskInstance: treino-03.get_data 2021-03-15 23:59:36.550640+00:00 [scheduled]> in ORM
[2021-03-15 21:00:06,630] {scheduler_job.py:162} INFO - Processing /home/alunoigti/airflow/dags/treino03.py took 1.147 seconds
[2021-03-15 21:02:09,270] {scheduler_job.py:154} INFO - Started process (PID=6743) to work on /home/alunoigti/airflow/dags/treino03.py
[2021-03-15 21:02:09,278] {scheduler_job.py:1589} INFO - Processing file /home/alunoigti/airflow/dags/treino03.py for tasks to queue
[2021-03-15 21:02:09,279] {logging_mixin.py:112} INFO - [2021-03-15 21:02:09,279] {dagbag.py:417} INFO - Filling up the DagBag from /home/alunoigti/airflow/dags/treino03.py
[2021-03-15 21:02:10,324] {scheduler_job.py:1601} INFO - DAG(s) dict_keys(['treino-03']) retrieved from /home/alunoigti/airflow/dags/treino03.py
[2021-03-15 21:02:10,433] {scheduler_job.py:1305} INFO - Processing treino-03
[2021-03-15 21:02:10,858] {scheduler_job.py:1315} INFO - Created <DagRun treino-03 @ 2021-03-15 23:56:00+00:00: scheduled__2021-03-15T23:56:00+00:00, externally triggered: False>
[2021-03-15 21:02:10,869] {scheduler_job.py:771} INFO - Examining DAG run <DagRun treino-03 @ 2021-03-15 23:50:00+00:00: scheduled__2021-03-15T23:50:00+00:00, externally triggered: False>
[2021-03-15 21:02:10,904] {logging_mixin.py:112} INFO - [2021-03-15 21:02:10,904] {dagrun.py:311} INFO - Marking run <DagRun treino-03 @ 2021-03-15 23:50:00+00:00: scheduled__2021-03-15T23:50:00+00:00, externally triggered: False> failed
[2021-03-15 21:02:10,922] {scheduler_job.py:771} INFO - Examining DAG run <DagRun treino-03 @ 2021-03-15 23:52:00+00:00: scheduled__2021-03-15T23:52:00+00:00, externally triggered: False>
[2021-03-15 21:02:11,012] {scheduler_job.py:771} INFO - Examining DAG run <DagRun treino-03 @ 2021-03-15 23:54:00+00:00: scheduled__2021-03-15T23:54:00+00:00, externally triggered: False>
[2021-03-15 21:02:11,044] {scheduler_job.py:771} INFO - Examining DAG run <DagRun treino-03 @ 2021-03-15 23:55:12.998804+00:00: manual__2021-03-15T23:55:12.998804+00:00, externally triggered: True>
[2021-03-15 21:02:11,094] {logging_mixin.py:112} INFO - [2021-03-15 21:02:11,094] {dagrun.py:311} INFO - Marking run <DagRun treino-03 @ 2021-03-15 23:55:12.998804+00:00: manual__2021-03-15T23:55:12.998804+00:00, externally triggered: True> failed
[2021-03-15 21:02:11,119] {scheduler_job.py:771} INFO - Examining DAG run <DagRun treino-03 @ 2021-03-15 23:56:00+00:00: scheduled__2021-03-15T23:56:00+00:00, externally triggered: False>
[2021-03-15 21:02:11,171] {scheduler_job.py:771} INFO - Examining DAG run <DagRun treino-03 @ 2021-03-15 23:59:36.550640+00:00: manual__2021-03-15T23:59:36.550640+00:00, externally triggered: True>
[2021-03-15 21:02:11,841] {scheduler_job.py:459} INFO - Skipping SLA check for <DAG: treino-03> because no tasks in DAG have SLAs
[2021-03-15 21:02:11,851] {scheduler_job.py:1668} INFO - Creating / updating <TaskInstance: treino-03.get_data 2021-03-15 23:54:00+00:00 [scheduled]> in ORM
[2021-03-15 21:02:11,859] {scheduler_job.py:1668} INFO - Creating / updating <TaskInstance: treino-03.get_data 2021-03-15 23:56:00+00:00 [scheduled]> in ORM
[2021-03-15 21:02:11,868] {scheduler_job.py:1668} INFO - Creating / updating <TaskInstance: treino-03.get_data 2021-03-15 23:59:36.550640+00:00 [scheduled]> in ORM
[2021-03-15 21:02:11,901] {scheduler_job.py:162} INFO - Processing /home/alunoigti/airflow/dags/treino03.py took 2.646 seconds
[2021-03-15 21:04:01,179] {scheduler_job.py:154} INFO - Started process (PID=7040) to work on /home/alunoigti/airflow/dags/treino03.py
[2021-03-15 21:04:01,184] {scheduler_job.py:1589} INFO - Processing file /home/alunoigti/airflow/dags/treino03.py for tasks to queue
[2021-03-15 21:04:01,192] {logging_mixin.py:112} INFO - [2021-03-15 21:04:01,191] {dagbag.py:417} INFO - Filling up the DagBag from /home/alunoigti/airflow/dags/treino03.py
[2021-03-15 21:04:01,677] {scheduler_job.py:1601} INFO - DAG(s) dict_keys(['treino-03']) retrieved from /home/alunoigti/airflow/dags/treino03.py
[2021-03-15 21:04:01,735] {scheduler_job.py:1305} INFO - Processing treino-03
[2021-03-15 21:04:01,919] {scheduler_job.py:1315} INFO - Created <DagRun treino-03 @ 2021-03-15 23:58:00+00:00: scheduled__2021-03-15T23:58:00+00:00, externally triggered: False>
[2021-03-15 21:04:01,930] {scheduler_job.py:771} INFO - Examining DAG run <DagRun treino-03 @ 2021-03-15 23:52:00+00:00: scheduled__2021-03-15T23:52:00+00:00, externally triggered: False>
[2021-03-15 21:04:01,956] {logging_mixin.py:112} INFO - [2021-03-15 21:04:01,956] {dagrun.py:311} INFO - Marking run <DagRun treino-03 @ 2021-03-15 23:52:00+00:00: scheduled__2021-03-15T23:52:00+00:00, externally triggered: False> failed
[2021-03-15 21:04:01,981] {scheduler_job.py:771} INFO - Examining DAG run <DagRun treino-03 @ 2021-03-15 23:54:00+00:00: scheduled__2021-03-15T23:54:00+00:00, externally triggered: False>
[2021-03-15 21:04:02,023] {scheduler_job.py:771} INFO - Examining DAG run <DagRun treino-03 @ 2021-03-15 23:56:00+00:00: scheduled__2021-03-15T23:56:00+00:00, externally triggered: False>
[2021-03-15 21:04:02,038] {scheduler_job.py:771} INFO - Examining DAG run <DagRun treino-03 @ 2021-03-15 23:58:00+00:00: scheduled__2021-03-15T23:58:00+00:00, externally triggered: False>
[2021-03-15 21:04:02,057] {logging_mixin.py:112} INFO - [2021-03-15 21:04:02,057] {dagrun.py:320} INFO - Marking run <DagRun treino-03 @ 2021-03-15 23:58:00+00:00: scheduled__2021-03-15T23:58:00+00:00, externally triggered: False> successful
[2021-03-15 21:04:02,074] {scheduler_job.py:771} INFO - Examining DAG run <DagRun treino-03 @ 2021-03-15 23:59:36.550640+00:00: manual__2021-03-15T23:59:36.550640+00:00, externally triggered: True>
[2021-03-15 21:04:02,871] {scheduler_job.py:459} INFO - Skipping SLA check for <DAG: treino-03> because no tasks in DAG have SLAs
[2021-03-15 21:04:02,881] {scheduler_job.py:1668} INFO - Creating / updating <TaskInstance: treino-03.get_data 2021-03-15 23:56:00+00:00 [scheduled]> in ORM
[2021-03-15 21:04:02,946] {scheduler_job.py:162} INFO - Processing /home/alunoigti/airflow/dags/treino03.py took 1.767 seconds
[2021-03-15 21:05:10,676] {scheduler_job.py:154} INFO - Started process (PID=7262) to work on /home/alunoigti/airflow/dags/treino03.py
[2021-03-15 21:05:10,680] {scheduler_job.py:1589} INFO - Processing file /home/alunoigti/airflow/dags/treino03.py for tasks to queue
[2021-03-15 21:05:10,682] {logging_mixin.py:112} INFO - [2021-03-15 21:05:10,682] {dagbag.py:417} INFO - Filling up the DagBag from /home/alunoigti/airflow/dags/treino03.py
[2021-03-15 21:05:11,051] {scheduler_job.py:1601} INFO - DAG(s) dict_keys(['treino-03']) retrieved from /home/alunoigti/airflow/dags/treino03.py
[2021-03-15 21:05:11,092] {scheduler_job.py:1305} INFO - Processing treino-03
[2021-03-15 21:05:11,355] {scheduler_job.py:1315} INFO - Created <DagRun treino-03 @ 2021-03-16 00:00:00+00:00: scheduled__2021-03-16T00:00:00+00:00, externally triggered: False>
[2021-03-15 21:05:11,378] {scheduler_job.py:771} INFO - Examining DAG run <DagRun treino-03 @ 2021-03-15 23:54:00+00:00: scheduled__2021-03-15T23:54:00+00:00, externally triggered: False>
[2021-03-15 21:05:11,410] {logging_mixin.py:112} INFO - [2021-03-15 21:05:11,410] {dagrun.py:311} INFO - Marking run <DagRun treino-03 @ 2021-03-15 23:54:00+00:00: scheduled__2021-03-15T23:54:00+00:00, externally triggered: False> failed
[2021-03-15 21:05:11,446] {scheduler_job.py:771} INFO - Examining DAG run <DagRun treino-03 @ 2021-03-15 23:56:00+00:00: scheduled__2021-03-15T23:56:00+00:00, externally triggered: False>
[2021-03-15 21:05:11,567] {scheduler_job.py:771} INFO - Examining DAG run <DagRun treino-03 @ 2021-03-15 23:59:36.550640+00:00: manual__2021-03-15T23:59:36.550640+00:00, externally triggered: True>
[2021-03-15 21:05:11,591] {logging_mixin.py:112} INFO - [2021-03-15 21:05:11,587] {dagrun.py:311} INFO - Marking run <DagRun treino-03 @ 2021-03-15 23:59:36.550640+00:00: manual__2021-03-15T23:59:36.550640+00:00, externally triggered: True> failed
[2021-03-15 21:05:11,603] {scheduler_job.py:771} INFO - Examining DAG run <DagRun treino-03 @ 2021-03-16 00:00:00+00:00: scheduled__2021-03-16T00:00:00+00:00, externally triggered: False>
[2021-03-15 21:05:11,626] {scheduler_job.py:771} INFO - Examining DAG run <DagRun treino-03 @ 2021-03-16 00:04:12.296765+00:00: manual__2021-03-16T00:04:12.296765+00:00, externally triggered: True>
[2021-03-15 21:05:11,848] {scheduler_job.py:459} INFO - Skipping SLA check for <DAG: treino-03> because no tasks in DAG have SLAs
[2021-03-15 21:05:11,855] {scheduler_job.py:1668} INFO - Creating / updating <TaskInstance: treino-03.get_data 2021-03-16 00:00:00+00:00 [scheduled]> in ORM
[2021-03-15 21:05:11,862] {scheduler_job.py:1668} INFO - Creating / updating <TaskInstance: treino-03.get_data 2021-03-16 00:04:12.296765+00:00 [scheduled]> in ORM
[2021-03-15 21:05:11,884] {scheduler_job.py:162} INFO - Processing /home/alunoigti/airflow/dags/treino03.py took 1.207 seconds
[2021-03-15 21:06:26,474] {scheduler_job.py:154} INFO - Started process (PID=7489) to work on /home/alunoigti/airflow/dags/treino03.py
[2021-03-15 21:06:26,490] {scheduler_job.py:1589} INFO - Processing file /home/alunoigti/airflow/dags/treino03.py for tasks to queue
[2021-03-15 21:06:26,496] {logging_mixin.py:112} INFO - [2021-03-15 21:06:26,496] {dagbag.py:417} INFO - Filling up the DagBag from /home/alunoigti/airflow/dags/treino03.py
[2021-03-15 21:06:28,398] {scheduler_job.py:1601} INFO - DAG(s) dict_keys(['treino-03']) retrieved from /home/alunoigti/airflow/dags/treino03.py
[2021-03-15 21:06:28,635] {scheduler_job.py:1305} INFO - Processing treino-03
[2021-03-15 21:06:29,369] {scheduler_job.py:1315} INFO - Created <DagRun treino-03 @ 2021-03-16 00:02:00+00:00: scheduled__2021-03-16T00:02:00+00:00, externally triggered: False>
[2021-03-15 21:06:29,399] {scheduler_job.py:771} INFO - Examining DAG run <DagRun treino-03 @ 2021-03-15 23:56:00+00:00: scheduled__2021-03-15T23:56:00+00:00, externally triggered: False>
[2021-03-15 21:06:29,450] {logging_mixin.py:112} INFO - [2021-03-15 21:06:29,450] {dagrun.py:311} INFO - Marking run <DagRun treino-03 @ 2021-03-15 23:56:00+00:00: scheduled__2021-03-15T23:56:00+00:00, externally triggered: False> failed
[2021-03-15 21:06:29,485] {scheduler_job.py:771} INFO - Examining DAG run <DagRun treino-03 @ 2021-03-16 00:00:00+00:00: scheduled__2021-03-16T00:00:00+00:00, externally triggered: False>
[2021-03-15 21:06:29,563] {scheduler_job.py:771} INFO - Examining DAG run <DagRun treino-03 @ 2021-03-16 00:02:00+00:00: scheduled__2021-03-16T00:02:00+00:00, externally triggered: False>
[2021-03-15 21:06:29,601] {logging_mixin.py:112} INFO - [2021-03-15 21:06:29,601] {dagrun.py:320} INFO - Marking run <DagRun treino-03 @ 2021-03-16 00:02:00+00:00: scheduled__2021-03-16T00:02:00+00:00, externally triggered: False> successful
[2021-03-15 21:06:29,621] {scheduler_job.py:771} INFO - Examining DAG run <DagRun treino-03 @ 2021-03-16 00:04:12.296765+00:00: manual__2021-03-16T00:04:12.296765+00:00, externally triggered: True>
[2021-03-15 21:06:30,045] {scheduler_job.py:459} INFO - Skipping SLA check for <DAG: treino-03> because no tasks in DAG have SLAs
[2021-03-15 21:06:30,066] {scheduler_job.py:1668} INFO - Creating / updating <TaskInstance: treino-03.get_data 2021-03-16 00:00:00+00:00 [scheduled]> in ORM
[2021-03-15 21:06:30,120] {scheduler_job.py:1668} INFO - Creating / updating <TaskInstance: treino-03.get_data 2021-03-16 00:04:12.296765+00:00 [scheduled]> in ORM
[2021-03-15 21:06:30,158] {scheduler_job.py:162} INFO - Processing /home/alunoigti/airflow/dags/treino03.py took 3.683 seconds
[2021-03-15 21:07:51,092] {scheduler_job.py:154} INFO - Started process (PID=7730) to work on /home/alunoigti/airflow/dags/treino03.py
[2021-03-15 21:07:51,096] {scheduler_job.py:1589} INFO - Processing file /home/alunoigti/airflow/dags/treino03.py for tasks to queue
[2021-03-15 21:07:51,097] {logging_mixin.py:112} INFO - [2021-03-15 21:07:51,097] {dagbag.py:417} INFO - Filling up the DagBag from /home/alunoigti/airflow/dags/treino03.py
[2021-03-15 21:07:51,409] {scheduler_job.py:1601} INFO - DAG(s) dict_keys(['treino-03']) retrieved from /home/alunoigti/airflow/dags/treino03.py
[2021-03-15 21:07:51,458] {scheduler_job.py:1305} INFO - Processing treino-03
[2021-03-15 21:07:51,629] {scheduler_job.py:1315} INFO - Created <DagRun treino-03 @ 2021-03-16 00:04:00+00:00: scheduled__2021-03-16T00:04:00+00:00, externally triggered: False>
[2021-03-15 21:07:51,632] {scheduler_job.py:771} INFO - Examining DAG run <DagRun treino-03 @ 2021-03-16 00:00:00+00:00: scheduled__2021-03-16T00:00:00+00:00, externally triggered: False>
[2021-03-15 21:07:51,664] {scheduler_job.py:771} INFO - Examining DAG run <DagRun treino-03 @ 2021-03-16 00:04:00+00:00: scheduled__2021-03-16T00:04:00+00:00, externally triggered: False>
[2021-03-15 21:07:51,673] {logging_mixin.py:112} INFO - [2021-03-15 21:07:51,673] {dagrun.py:320} INFO - Marking run <DagRun treino-03 @ 2021-03-16 00:04:00+00:00: scheduled__2021-03-16T00:04:00+00:00, externally triggered: False> successful
[2021-03-15 21:07:51,684] {scheduler_job.py:771} INFO - Examining DAG run <DagRun treino-03 @ 2021-03-16 00:04:12.296765+00:00: manual__2021-03-16T00:04:12.296765+00:00, externally triggered: True>
[2021-03-15 21:07:51,774] {scheduler_job.py:771} INFO - Examining DAG run <DagRun treino-03 @ 2021-03-16 00:06:57.620067+00:00: manual__2021-03-16T00:06:57.620067+00:00, externally triggered: True>
[2021-03-15 21:07:52,897] {scheduler_job.py:459} INFO - Skipping SLA check for <DAG: treino-03> because no tasks in DAG have SLAs
[2021-03-15 21:07:52,925] {scheduler_job.py:1668} INFO - Creating / updating <TaskInstance: treino-03.get_data 2021-03-16 00:06:57.620067+00:00 [scheduled]> in ORM
[2021-03-15 21:07:52,974] {scheduler_job.py:162} INFO - Processing /home/alunoigti/airflow/dags/treino03.py took 1.882 seconds
[2021-03-15 21:09:02,075] {scheduler_job.py:154} INFO - Started process (PID=7842) to work on /home/alunoigti/airflow/dags/treino03.py
[2021-03-15 21:09:02,085] {scheduler_job.py:1589} INFO - Processing file /home/alunoigti/airflow/dags/treino03.py for tasks to queue
[2021-03-15 21:09:02,086] {logging_mixin.py:112} INFO - [2021-03-15 21:09:02,086] {dagbag.py:417} INFO - Filling up the DagBag from /home/alunoigti/airflow/dags/treino03.py
[2021-03-15 21:09:02,406] {scheduler_job.py:1601} INFO - DAG(s) dict_keys(['treino-03']) retrieved from /home/alunoigti/airflow/dags/treino03.py
[2021-03-15 21:09:02,443] {scheduler_job.py:1305} INFO - Processing treino-03
[2021-03-15 21:09:02,577] {scheduler_job.py:1315} INFO - Created <DagRun treino-03 @ 2021-03-16 00:06:00+00:00: scheduled__2021-03-16T00:06:00+00:00, externally triggered: False>
[2021-03-15 21:09:02,580] {scheduler_job.py:771} INFO - Examining DAG run <DagRun treino-03 @ 2021-03-16 00:00:00+00:00: scheduled__2021-03-16T00:00:00+00:00, externally triggered: False>
[2021-03-15 21:09:02,592] {logging_mixin.py:112} INFO - [2021-03-15 21:09:02,592] {dagrun.py:311} INFO - Marking run <DagRun treino-03 @ 2021-03-16 00:00:00+00:00: scheduled__2021-03-16T00:00:00+00:00, externally triggered: False> failed
[2021-03-15 21:09:02,607] {scheduler_job.py:771} INFO - Examining DAG run <DagRun treino-03 @ 2021-03-16 00:04:12.296765+00:00: manual__2021-03-16T00:04:12.296765+00:00, externally triggered: True>
[2021-03-15 21:09:02,619] {logging_mixin.py:112} INFO - [2021-03-15 21:09:02,619] {dagrun.py:311} INFO - Marking run <DagRun treino-03 @ 2021-03-16 00:04:12.296765+00:00: manual__2021-03-16T00:04:12.296765+00:00, externally triggered: True> failed
[2021-03-15 21:09:02,629] {scheduler_job.py:771} INFO - Examining DAG run <DagRun treino-03 @ 2021-03-16 00:06:00+00:00: scheduled__2021-03-16T00:06:00+00:00, externally triggered: False>
[2021-03-15 21:09:02,662] {scheduler_job.py:771} INFO - Examining DAG run <DagRun treino-03 @ 2021-03-16 00:06:57.620067+00:00: manual__2021-03-16T00:06:57.620067+00:00, externally triggered: True>
[2021-03-15 21:09:02,831] {scheduler_job.py:459} INFO - Skipping SLA check for <DAG: treino-03> because no tasks in DAG have SLAs
[2021-03-15 21:09:02,843] {scheduler_job.py:1668} INFO - Creating / updating <TaskInstance: treino-03.get_data 2021-03-16 00:06:00+00:00 [scheduled]> in ORM
[2021-03-15 21:09:02,858] {scheduler_job.py:1668} INFO - Creating / updating <TaskInstance: treino-03.get_data 2021-03-16 00:06:57.620067+00:00 [scheduled]> in ORM
[2021-03-15 21:09:02,881] {scheduler_job.py:162} INFO - Processing /home/alunoigti/airflow/dags/treino03.py took 0.806 seconds
[2021-03-15 21:10:25,316] {scheduler_job.py:154} INFO - Started process (PID=8106) to work on /home/alunoigti/airflow/dags/treino03.py
[2021-03-15 21:10:25,325] {scheduler_job.py:1589} INFO - Processing file /home/alunoigti/airflow/dags/treino03.py for tasks to queue
[2021-03-15 21:10:25,326] {logging_mixin.py:112} INFO - [2021-03-15 21:10:25,326] {dagbag.py:417} INFO - Filling up the DagBag from /home/alunoigti/airflow/dags/treino03.py
[2021-03-15 21:10:25,705] {scheduler_job.py:1601} INFO - DAG(s) dict_keys(['treino-03']) retrieved from /home/alunoigti/airflow/dags/treino03.py
[2021-03-15 21:10:25,781] {scheduler_job.py:162} INFO - Processing /home/alunoigti/airflow/dags/treino03.py took 0.466 seconds
[2021-03-15 21:11:25,412] {scheduler_job.py:154} INFO - Started process (PID=8317) to work on /home/alunoigti/airflow/dags/treino03.py
[2021-03-15 21:11:25,422] {scheduler_job.py:1589} INFO - Processing file /home/alunoigti/airflow/dags/treino03.py for tasks to queue
[2021-03-15 21:11:25,433] {logging_mixin.py:112} INFO - [2021-03-15 21:11:25,432] {dagbag.py:417} INFO - Filling up the DagBag from /home/alunoigti/airflow/dags/treino03.py
[2021-03-15 21:11:26,247] {scheduler_job.py:1601} INFO - DAG(s) dict_keys(['treino-03']) retrieved from /home/alunoigti/airflow/dags/treino03.py
[2021-03-15 21:11:28,428] {scheduler_job.py:162} INFO - Processing /home/alunoigti/airflow/dags/treino03.py took 3.017 seconds
