[2021-03-15 21:01:47,221] {scheduler_job.py:154} INFO - Started process (PID=6716) to work on /home/alunoigti/airflow/dags/treino01.py
[2021-03-15 21:01:47,226] {scheduler_job.py:1589} INFO - Processing file /home/alunoigti/airflow/dags/treino01.py for tasks to queue
[2021-03-15 21:01:47,231] {logging_mixin.py:112} INFO - [2021-03-15 21:01:47,231] {dagbag.py:417} INFO - Filling up the DagBag from /home/alunoigti/airflow/dags/treino01.py
[2021-03-15 21:01:47,241] {scheduler_job.py:1601} INFO - DAG(s) dict_keys(['treino-01']) retrieved from /home/alunoigti/airflow/dags/treino01.py
[2021-03-15 21:01:47,289] {scheduler_job.py:162} INFO - Processing /home/alunoigti/airflow/dags/treino01.py took 0.068 seconds
[2021-03-15 21:03:39,151] {scheduler_job.py:154} INFO - Started process (PID=7010) to work on /home/alunoigti/airflow/dags/treino01.py
[2021-03-15 21:03:39,166] {scheduler_job.py:1589} INFO - Processing file /home/alunoigti/airflow/dags/treino01.py for tasks to queue
[2021-03-15 21:03:39,177] {logging_mixin.py:112} INFO - [2021-03-15 21:03:39,177] {dagbag.py:417} INFO - Filling up the DagBag from /home/alunoigti/airflow/dags/treino01.py
[2021-03-15 21:03:39,191] {scheduler_job.py:1601} INFO - DAG(s) dict_keys(['treino-01']) retrieved from /home/alunoigti/airflow/dags/treino01.py
[2021-03-15 21:03:39,285] {scheduler_job.py:162} INFO - Processing /home/alunoigti/airflow/dags/treino01.py took 0.134 seconds
[2021-03-15 21:04:48,667] {scheduler_job.py:154} INFO - Started process (PID=7224) to work on /home/alunoigti/airflow/dags/treino01.py
[2021-03-15 21:04:48,678] {scheduler_job.py:1589} INFO - Processing file /home/alunoigti/airflow/dags/treino01.py for tasks to queue
[2021-03-15 21:04:48,678] {logging_mixin.py:112} INFO - [2021-03-15 21:04:48,678] {dagbag.py:417} INFO - Filling up the DagBag from /home/alunoigti/airflow/dags/treino01.py
[2021-03-15 21:04:48,684] {scheduler_job.py:1601} INFO - DAG(s) dict_keys(['treino-01']) retrieved from /home/alunoigti/airflow/dags/treino01.py
[2021-03-15 21:04:48,712] {scheduler_job.py:162} INFO - Processing /home/alunoigti/airflow/dags/treino01.py took 0.045 seconds
[2021-03-15 21:06:04,473] {scheduler_job.py:154} INFO - Started process (PID=7460) to work on /home/alunoigti/airflow/dags/treino01.py
[2021-03-15 21:06:04,477] {scheduler_job.py:1589} INFO - Processing file /home/alunoigti/airflow/dags/treino01.py for tasks to queue
[2021-03-15 21:06:04,478] {logging_mixin.py:112} INFO - [2021-03-15 21:06:04,478] {dagbag.py:417} INFO - Filling up the DagBag from /home/alunoigti/airflow/dags/treino01.py
[2021-03-15 21:06:04,484] {scheduler_job.py:1601} INFO - DAG(s) dict_keys(['treino-01']) retrieved from /home/alunoigti/airflow/dags/treino01.py
[2021-03-15 21:06:04,511] {scheduler_job.py:162} INFO - Processing /home/alunoigti/airflow/dags/treino01.py took 0.038 seconds
[2021-03-15 21:07:29,064] {scheduler_job.py:154} INFO - Started process (PID=7563) to work on /home/alunoigti/airflow/dags/treino01.py
[2021-03-15 21:07:29,067] {scheduler_job.py:1589} INFO - Processing file /home/alunoigti/airflow/dags/treino01.py for tasks to queue
[2021-03-15 21:07:29,068] {logging_mixin.py:112} INFO - [2021-03-15 21:07:29,068] {dagbag.py:417} INFO - Filling up the DagBag from /home/alunoigti/airflow/dags/treino01.py
[2021-03-15 21:07:29,074] {scheduler_job.py:1601} INFO - DAG(s) dict_keys(['treino-01']) retrieved from /home/alunoigti/airflow/dags/treino01.py
[2021-03-15 21:07:29,113] {scheduler_job.py:162} INFO - Processing /home/alunoigti/airflow/dags/treino01.py took 0.049 seconds
[2021-03-15 21:08:40,072] {scheduler_job.py:154} INFO - Started process (PID=7811) to work on /home/alunoigti/airflow/dags/treino01.py
[2021-03-15 21:08:40,077] {scheduler_job.py:1589} INFO - Processing file /home/alunoigti/airflow/dags/treino01.py for tasks to queue
[2021-03-15 21:08:40,078] {logging_mixin.py:112} INFO - [2021-03-15 21:08:40,078] {dagbag.py:417} INFO - Filling up the DagBag from /home/alunoigti/airflow/dags/treino01.py
[2021-03-15 21:08:40,083] {scheduler_job.py:1601} INFO - DAG(s) dict_keys(['treino-01']) retrieved from /home/alunoigti/airflow/dags/treino01.py
[2021-03-15 21:08:40,117] {scheduler_job.py:162} INFO - Processing /home/alunoigti/airflow/dags/treino01.py took 0.044 seconds
[2021-03-15 21:10:03,342] {scheduler_job.py:154} INFO - Started process (PID=8078) to work on /home/alunoigti/airflow/dags/treino01.py
[2021-03-15 21:10:03,352] {scheduler_job.py:1589} INFO - Processing file /home/alunoigti/airflow/dags/treino01.py for tasks to queue
[2021-03-15 21:10:03,355] {logging_mixin.py:112} INFO - [2021-03-15 21:10:03,355] {dagbag.py:417} INFO - Filling up the DagBag from /home/alunoigti/airflow/dags/treino01.py
[2021-03-15 21:10:03,384] {scheduler_job.py:1601} INFO - DAG(s) dict_keys(['treino-01']) retrieved from /home/alunoigti/airflow/dags/treino01.py
[2021-03-15 21:10:03,424] {scheduler_job.py:162} INFO - Processing /home/alunoigti/airflow/dags/treino01.py took 0.082 seconds
[2021-03-15 21:11:03,398] {scheduler_job.py:154} INFO - Started process (PID=8288) to work on /home/alunoigti/airflow/dags/treino01.py
[2021-03-15 21:11:03,401] {scheduler_job.py:1589} INFO - Processing file /home/alunoigti/airflow/dags/treino01.py for tasks to queue
[2021-03-15 21:11:03,402] {logging_mixin.py:112} INFO - [2021-03-15 21:11:03,402] {dagbag.py:417} INFO - Filling up the DagBag from /home/alunoigti/airflow/dags/treino01.py
[2021-03-15 21:11:03,422] {scheduler_job.py:1601} INFO - DAG(s) dict_keys(['treino-01']) retrieved from /home/alunoigti/airflow/dags/treino01.py
[2021-03-15 21:11:03,455] {scheduler_job.py:162} INFO - Processing /home/alunoigti/airflow/dags/treino01.py took 0.057 seconds
