[2021-03-15 20:30:05,530] {scheduler_job.py:154} INFO - Started process (PID=55804) to work on /home/alunoigti/airflow/dags/treino02.py
[2021-03-15 20:30:05,534] {scheduler_job.py:1589} INFO - Processing file /home/alunoigti/airflow/dags/treino02.py for tasks to queue
[2021-03-15 20:30:05,535] {logging_mixin.py:112} INFO - [2021-03-15 20:30:05,535] {dagbag.py:417} INFO - Filling up the DagBag from /home/alunoigti/airflow/dags/treino02.py
[2021-03-15 20:30:06,589] {scheduler_job.py:1601} INFO - DAG(s) dict_keys(['treino-02']) retrieved from /home/alunoigti/airflow/dags/treino02.py
[2021-03-15 20:30:06,668] {scheduler_job.py:1305} INFO - Processing treino-02
[2021-03-15 20:30:06,771] {scheduler_job.py:1315} INFO - Created <DagRun treino-02 @ 2021-03-13T18:26:00+00:00: scheduled__2021-03-13T18:26:00+00:00, externally triggered: False>
[2021-03-15 20:30:06,777] {scheduler_job.py:771} INFO - Examining DAG run <DagRun treino-02 @ 2021-03-13 18:20:00+00:00: scheduled__2021-03-13T18:20:00+00:00, externally triggered: False>
[2021-03-15 20:30:06,791] {logging_mixin.py:112} INFO - [2021-03-15 20:30:06,791] {dagrun.py:320} INFO - Marking run <DagRun treino-02 @ 2021-03-13 18:20:00+00:00: scheduled__2021-03-13T18:20:00+00:00, externally triggered: False> successful
[2021-03-15 20:30:06,802] {scheduler_job.py:771} INFO - Examining DAG run <DagRun treino-02 @ 2021-03-13 18:22:00+00:00: scheduled__2021-03-13T18:22:00+00:00, externally triggered: False>
[2021-03-15 20:30:06,844] {scheduler_job.py:771} INFO - Examining DAG run <DagRun treino-02 @ 2021-03-13 18:24:00+00:00: scheduled__2021-03-13T18:24:00+00:00, externally triggered: False>
[2021-03-15 20:30:07,065] {scheduler_job.py:771} INFO - Examining DAG run <DagRun treino-02 @ 2021-03-13 18:26:00+00:00: scheduled__2021-03-13T18:26:00+00:00, externally triggered: False>
[2021-03-15 20:30:07,287] {scheduler_job.py:459} INFO - Skipping SLA check for <DAG: treino-02> because no tasks in DAG have SLAs
[2021-03-15 20:30:07,297] {scheduler_job.py:1668} INFO - Creating / updating <TaskInstance: treino-02.mostra-idade 2021-03-13 18:22:00+00:00 [scheduled]> in ORM
[2021-03-15 20:30:07,310] {scheduler_job.py:1668} INFO - Creating / updating <TaskInstance: treino-02.calcula-idade-media 2021-03-13 18:24:00+00:00 [scheduled]> in ORM
[2021-03-15 20:30:07,324] {scheduler_job.py:1668} INFO - Creating / updating <TaskInstance: treino-02.get_data 2021-03-13 18:26:00+00:00 [scheduled]> in ORM
[2021-03-15 20:30:07,363] {scheduler_job.py:162} INFO - Processing /home/alunoigti/airflow/dags/treino02.py took 1.833 seconds
[2021-03-15 20:31:34,556] {scheduler_job.py:154} INFO - Started process (PID=56075) to work on /home/alunoigti/airflow/dags/treino02.py
[2021-03-15 20:31:34,574] {scheduler_job.py:1589} INFO - Processing file /home/alunoigti/airflow/dags/treino02.py for tasks to queue
[2021-03-15 20:31:34,578] {logging_mixin.py:112} INFO - [2021-03-15 20:31:34,578] {dagbag.py:417} INFO - Filling up the DagBag from /home/alunoigti/airflow/dags/treino02.py
[2021-03-15 20:31:34,881] {scheduler_job.py:1601} INFO - DAG(s) dict_keys(['treino-02']) retrieved from /home/alunoigti/airflow/dags/treino02.py
[2021-03-15 20:31:34,919] {scheduler_job.py:1305} INFO - Processing treino-02
[2021-03-15 20:31:34,974] {scheduler_job.py:1315} INFO - Created <DagRun treino-02 @ 2021-03-13T18:28:00+00:00: scheduled__2021-03-13T18:28:00+00:00, externally triggered: False>
[2021-03-15 20:31:34,979] {scheduler_job.py:771} INFO - Examining DAG run <DagRun treino-02 @ 2021-03-13 18:22:00+00:00: scheduled__2021-03-13T18:22:00+00:00, externally triggered: False>
[2021-03-15 20:31:34,988] {logging_mixin.py:112} INFO - [2021-03-15 20:31:34,987] {dagrun.py:320} INFO - Marking run <DagRun treino-02 @ 2021-03-13 18:22:00+00:00: scheduled__2021-03-13T18:22:00+00:00, externally triggered: False> successful
[2021-03-15 20:31:35,016] {scheduler_job.py:771} INFO - Examining DAG run <DagRun treino-02 @ 2021-03-13 18:24:00+00:00: scheduled__2021-03-13T18:24:00+00:00, externally triggered: False>
[2021-03-15 20:31:35,136] {scheduler_job.py:771} INFO - Examining DAG run <DagRun treino-02 @ 2021-03-13 18:26:00+00:00: scheduled__2021-03-13T18:26:00+00:00, externally triggered: False>
[2021-03-15 20:31:35,155] {scheduler_job.py:771} INFO - Examining DAG run <DagRun treino-02 @ 2021-03-13 18:28:00+00:00: scheduled__2021-03-13T18:28:00+00:00, externally triggered: False>
[2021-03-15 20:31:35,233] {scheduler_job.py:459} INFO - Skipping SLA check for <DAG: treino-02> because no tasks in DAG have SLAs
[2021-03-15 20:31:35,238] {scheduler_job.py:1668} INFO - Creating / updating <TaskInstance: treino-02.mostra-idade 2021-03-13 18:24:00+00:00 [scheduled]> in ORM
[2021-03-15 20:31:35,244] {scheduler_job.py:1668} INFO - Creating / updating <TaskInstance: treino-02.calcula-idade-media 2021-03-13 18:26:00+00:00 [scheduled]> in ORM
[2021-03-15 20:31:35,250] {scheduler_job.py:1668} INFO - Creating / updating <TaskInstance: treino-02.get_data 2021-03-13 18:28:00+00:00 [scheduled]> in ORM
[2021-03-15 20:31:35,272] {scheduler_job.py:162} INFO - Processing /home/alunoigti/airflow/dags/treino02.py took 0.716 seconds
[2021-03-15 20:32:53,890] {scheduler_job.py:154} INFO - Started process (PID=56192) to work on /home/alunoigti/airflow/dags/treino02.py
[2021-03-15 20:32:53,894] {scheduler_job.py:1589} INFO - Processing file /home/alunoigti/airflow/dags/treino02.py for tasks to queue
[2021-03-15 20:32:53,896] {logging_mixin.py:112} INFO - [2021-03-15 20:32:53,895] {dagbag.py:417} INFO - Filling up the DagBag from /home/alunoigti/airflow/dags/treino02.py
[2021-03-15 20:32:54,178] {scheduler_job.py:1601} INFO - DAG(s) dict_keys(['treino-02']) retrieved from /home/alunoigti/airflow/dags/treino02.py
[2021-03-15 20:32:54,216] {scheduler_job.py:1305} INFO - Processing treino-02
[2021-03-15 20:32:54,267] {scheduler_job.py:1315} INFO - Created <DagRun treino-02 @ 2021-03-13T18:30:00+00:00: scheduled__2021-03-13T18:30:00+00:00, externally triggered: False>
[2021-03-15 20:32:54,271] {scheduler_job.py:771} INFO - Examining DAG run <DagRun treino-02 @ 2021-03-13 18:24:00+00:00: scheduled__2021-03-13T18:24:00+00:00, externally triggered: False>
[2021-03-15 20:32:54,279] {logging_mixin.py:112} INFO - [2021-03-15 20:32:54,279] {dagrun.py:320} INFO - Marking run <DagRun treino-02 @ 2021-03-13 18:24:00+00:00: scheduled__2021-03-13T18:24:00+00:00, externally triggered: False> successful
[2021-03-15 20:32:54,290] {scheduler_job.py:771} INFO - Examining DAG run <DagRun treino-02 @ 2021-03-13 18:26:00+00:00: scheduled__2021-03-13T18:26:00+00:00, externally triggered: False>
[2021-03-15 20:32:54,379] {scheduler_job.py:771} INFO - Examining DAG run <DagRun treino-02 @ 2021-03-13 18:28:00+00:00: scheduled__2021-03-13T18:28:00+00:00, externally triggered: False>
[2021-03-15 20:32:54,397] {scheduler_job.py:771} INFO - Examining DAG run <DagRun treino-02 @ 2021-03-13 18:30:00+00:00: scheduled__2021-03-13T18:30:00+00:00, externally triggered: False>
[2021-03-15 20:32:54,457] {scheduler_job.py:459} INFO - Skipping SLA check for <DAG: treino-02> because no tasks in DAG have SLAs
[2021-03-15 20:32:54,462] {scheduler_job.py:1668} INFO - Creating / updating <TaskInstance: treino-02.mostra-idade 2021-03-13 18:26:00+00:00 [scheduled]> in ORM
[2021-03-15 20:32:54,468] {scheduler_job.py:1668} INFO - Creating / updating <TaskInstance: treino-02.calcula-idade-media 2021-03-13 18:28:00+00:00 [scheduled]> in ORM
[2021-03-15 20:32:54,473] {scheduler_job.py:1668} INFO - Creating / updating <TaskInstance: treino-02.get_data 2021-03-13 18:30:00+00:00 [scheduled]> in ORM
[2021-03-15 20:32:54,493] {scheduler_job.py:162} INFO - Processing /home/alunoigti/airflow/dags/treino02.py took 0.603 seconds
[2021-03-15 20:34:13,309] {scheduler_job.py:154} INFO - Started process (PID=56447) to work on /home/alunoigti/airflow/dags/treino02.py
[2021-03-15 20:34:13,313] {scheduler_job.py:1589} INFO - Processing file /home/alunoigti/airflow/dags/treino02.py for tasks to queue
[2021-03-15 20:34:13,314] {logging_mixin.py:112} INFO - [2021-03-15 20:34:13,314] {dagbag.py:417} INFO - Filling up the DagBag from /home/alunoigti/airflow/dags/treino02.py
[2021-03-15 20:34:13,602] {scheduler_job.py:1601} INFO - DAG(s) dict_keys(['treino-02']) retrieved from /home/alunoigti/airflow/dags/treino02.py
[2021-03-15 20:34:13,639] {scheduler_job.py:1305} INFO - Processing treino-02
[2021-03-15 20:34:13,690] {scheduler_job.py:1315} INFO - Created <DagRun treino-02 @ 2021-03-13T18:32:00+00:00: scheduled__2021-03-13T18:32:00+00:00, externally triggered: False>
[2021-03-15 20:34:13,694] {scheduler_job.py:771} INFO - Examining DAG run <DagRun treino-02 @ 2021-03-13 18:26:00+00:00: scheduled__2021-03-13T18:26:00+00:00, externally triggered: False>
[2021-03-15 20:34:13,702] {logging_mixin.py:112} INFO - [2021-03-15 20:34:13,702] {dagrun.py:320} INFO - Marking run <DagRun treino-02 @ 2021-03-13 18:26:00+00:00: scheduled__2021-03-13T18:26:00+00:00, externally triggered: False> successful
[2021-03-15 20:34:13,713] {scheduler_job.py:771} INFO - Examining DAG run <DagRun treino-02 @ 2021-03-13 18:28:00+00:00: scheduled__2021-03-13T18:28:00+00:00, externally triggered: False>
[2021-03-15 20:34:13,800] {scheduler_job.py:771} INFO - Examining DAG run <DagRun treino-02 @ 2021-03-13 18:30:00+00:00: scheduled__2021-03-13T18:30:00+00:00, externally triggered: False>
[2021-03-15 20:34:13,815] {scheduler_job.py:771} INFO - Examining DAG run <DagRun treino-02 @ 2021-03-13 18:32:00+00:00: scheduled__2021-03-13T18:32:00+00:00, externally triggered: False>
[2021-03-15 20:34:13,882] {scheduler_job.py:459} INFO - Skipping SLA check for <DAG: treino-02> because no tasks in DAG have SLAs
[2021-03-15 20:34:13,887] {scheduler_job.py:1668} INFO - Creating / updating <TaskInstance: treino-02.mostra-idade 2021-03-13 18:28:00+00:00 [scheduled]> in ORM
[2021-03-15 20:34:13,892] {scheduler_job.py:1668} INFO - Creating / updating <TaskInstance: treino-02.calcula-idade-media 2021-03-13 18:30:00+00:00 [scheduled]> in ORM
[2021-03-15 20:34:13,898] {scheduler_job.py:1668} INFO - Creating / updating <TaskInstance: treino-02.get_data 2021-03-13 18:32:00+00:00 [scheduled]> in ORM
[2021-03-15 20:34:13,919] {scheduler_job.py:162} INFO - Processing /home/alunoigti/airflow/dags/treino02.py took 0.611 seconds
[2021-03-15 20:35:34,336] {scheduler_job.py:154} INFO - Started process (PID=56687) to work on /home/alunoigti/airflow/dags/treino02.py
[2021-03-15 20:35:34,340] {scheduler_job.py:1589} INFO - Processing file /home/alunoigti/airflow/dags/treino02.py for tasks to queue
[2021-03-15 20:35:34,343] {logging_mixin.py:112} INFO - [2021-03-15 20:35:34,343] {dagbag.py:417} INFO - Filling up the DagBag from /home/alunoigti/airflow/dags/treino02.py
[2021-03-15 20:35:34,756] {scheduler_job.py:1601} INFO - DAG(s) dict_keys(['treino-02']) retrieved from /home/alunoigti/airflow/dags/treino02.py
[2021-03-15 20:35:34,808] {scheduler_job.py:1305} INFO - Processing treino-02
[2021-03-15 20:35:34,884] {scheduler_job.py:1315} INFO - Created <DagRun treino-02 @ 2021-03-13T18:34:00+00:00: scheduled__2021-03-13T18:34:00+00:00, externally triggered: False>
[2021-03-15 20:35:34,889] {scheduler_job.py:771} INFO - Examining DAG run <DagRun treino-02 @ 2021-03-13 18:28:00+00:00: scheduled__2021-03-13T18:28:00+00:00, externally triggered: False>
[2021-03-15 20:35:34,989] {logging_mixin.py:112} INFO - [2021-03-15 20:35:34,988] {dagrun.py:320} INFO - Marking run <DagRun treino-02 @ 2021-03-13 18:28:00+00:00: scheduled__2021-03-13T18:28:00+00:00, externally triggered: False> successful
[2021-03-15 20:35:35,002] {scheduler_job.py:771} INFO - Examining DAG run <DagRun treino-02 @ 2021-03-13 18:30:00+00:00: scheduled__2021-03-13T18:30:00+00:00, externally triggered: False>
[2021-03-15 20:35:35,030] {scheduler_job.py:771} INFO - Examining DAG run <DagRun treino-02 @ 2021-03-13 18:32:00+00:00: scheduled__2021-03-13T18:32:00+00:00, externally triggered: False>
[2021-03-15 20:35:35,063] {scheduler_job.py:771} INFO - Examining DAG run <DagRun treino-02 @ 2021-03-13 18:34:00+00:00: scheduled__2021-03-13T18:34:00+00:00, externally triggered: False>
[2021-03-15 20:35:35,159] {scheduler_job.py:459} INFO - Skipping SLA check for <DAG: treino-02> because no tasks in DAG have SLAs
[2021-03-15 20:35:35,164] {scheduler_job.py:1668} INFO - Creating / updating <TaskInstance: treino-02.mostra-idade 2021-03-13 18:30:00+00:00 [scheduled]> in ORM
[2021-03-15 20:35:35,170] {scheduler_job.py:1668} INFO - Creating / updating <TaskInstance: treino-02.calcula-idade-media 2021-03-13 18:32:00+00:00 [scheduled]> in ORM
[2021-03-15 20:35:35,178] {scheduler_job.py:1668} INFO - Creating / updating <TaskInstance: treino-02.get_data 2021-03-13 18:34:00+00:00 [scheduled]> in ORM
[2021-03-15 20:35:35,200] {scheduler_job.py:162} INFO - Processing /home/alunoigti/airflow/dags/treino02.py took 0.865 seconds
[2021-03-15 20:53:36,756] {scheduler_job.py:154} INFO - Started process (PID=5310) to work on /home/alunoigti/airflow/dags/treino02.py
[2021-03-15 20:53:36,774] {scheduler_job.py:1589} INFO - Processing file /home/alunoigti/airflow/dags/treino02.py for tasks to queue
[2021-03-15 20:53:36,777] {logging_mixin.py:112} INFO - [2021-03-15 20:53:36,777] {dagbag.py:417} INFO - Filling up the DagBag from /home/alunoigti/airflow/dags/treino02.py
[2021-03-15 20:53:38,036] {scheduler_job.py:1601} INFO - DAG(s) dict_keys(['treino-02']) retrieved from /home/alunoigti/airflow/dags/treino02.py
[2021-03-15 20:53:38,166] {scheduler_job.py:1305} INFO - Processing treino-02
[2021-03-15 20:53:38,291] {scheduler_job.py:1315} INFO - Created <DagRun treino-02 @ 2021-03-13T18:36:00+00:00: scheduled__2021-03-13T18:36:00+00:00, externally triggered: False>
[2021-03-15 20:53:38,303] {scheduler_job.py:771} INFO - Examining DAG run <DagRun treino-02 @ 2021-03-13 18:30:00+00:00: scheduled__2021-03-13T18:30:00+00:00, externally triggered: False>
[2021-03-15 20:53:38,527] {scheduler_job.py:771} INFO - Examining DAG run <DagRun treino-02 @ 2021-03-13 18:32:00+00:00: scheduled__2021-03-13T18:32:00+00:00, externally triggered: False>
[2021-03-15 20:53:38,565] {scheduler_job.py:771} INFO - Examining DAG run <DagRun treino-02 @ 2021-03-13 18:34:00+00:00: scheduled__2021-03-13T18:34:00+00:00, externally triggered: False>
[2021-03-15 20:53:38,631] {scheduler_job.py:771} INFO - Examining DAG run <DagRun treino-02 @ 2021-03-13 18:36:00+00:00: scheduled__2021-03-13T18:36:00+00:00, externally triggered: False>
[2021-03-15 20:53:38,824] {scheduler_job.py:459} INFO - Skipping SLA check for <DAG: treino-02> because no tasks in DAG have SLAs
[2021-03-15 20:53:38,829] {scheduler_job.py:1668} INFO - Creating / updating <TaskInstance: treino-02.mostra-idade 2021-03-13 18:30:00+00:00 [scheduled]> in ORM
[2021-03-15 20:53:38,844] {scheduler_job.py:1668} INFO - Creating / updating <TaskInstance: treino-02.mostra-idade 2021-03-13 18:32:00+00:00 [scheduled]> in ORM
[2021-03-15 20:53:38,855] {scheduler_job.py:1668} INFO - Creating / updating <TaskInstance: treino-02.calcula-idade-media 2021-03-13 18:34:00+00:00 [scheduled]> in ORM
[2021-03-15 20:53:38,860] {scheduler_job.py:1668} INFO - Creating / updating <TaskInstance: treino-02.get_data 2021-03-13 18:36:00+00:00 [scheduled]> in ORM
[2021-03-15 20:53:38,890] {scheduler_job.py:162} INFO - Processing /home/alunoigti/airflow/dags/treino02.py took 2.133 seconds
[2021-03-15 20:55:16,824] {scheduler_job.py:154} INFO - Started process (PID=5601) to work on /home/alunoigti/airflow/dags/treino02.py
[2021-03-15 20:55:16,838] {scheduler_job.py:1589} INFO - Processing file /home/alunoigti/airflow/dags/treino02.py for tasks to queue
[2021-03-15 20:55:16,839] {logging_mixin.py:112} INFO - [2021-03-15 20:55:16,839] {dagbag.py:417} INFO - Filling up the DagBag from /home/alunoigti/airflow/dags/treino02.py
[2021-03-15 20:55:17,838] {scheduler_job.py:1601} INFO - DAG(s) dict_keys(['treino-02']) retrieved from /home/alunoigti/airflow/dags/treino02.py
[2021-03-15 20:55:17,905] {scheduler_job.py:1305} INFO - Processing treino-02
[2021-03-15 20:55:18,003] {scheduler_job.py:1315} INFO - Created <DagRun treino-02 @ 2021-03-13T18:38:00+00:00: scheduled__2021-03-13T18:38:00+00:00, externally triggered: False>
[2021-03-15 20:55:18,033] {scheduler_job.py:771} INFO - Examining DAG run <DagRun treino-02 @ 2021-03-13 18:30:00+00:00: scheduled__2021-03-13T18:30:00+00:00, externally triggered: False>
[2021-03-15 20:55:18,070] {logging_mixin.py:112} INFO - [2021-03-15 20:55:18,070] {dagrun.py:320} INFO - Marking run <DagRun treino-02 @ 2021-03-13 18:30:00+00:00: scheduled__2021-03-13T18:30:00+00:00, externally triggered: False> successful
[2021-03-15 20:55:18,105] {scheduler_job.py:771} INFO - Examining DAG run <DagRun treino-02 @ 2021-03-13 18:32:00+00:00: scheduled__2021-03-13T18:32:00+00:00, externally triggered: False>
[2021-03-15 20:55:18,144] {logging_mixin.py:112} INFO - [2021-03-15 20:55:18,142] {dagrun.py:320} INFO - Marking run <DagRun treino-02 @ 2021-03-13 18:32:00+00:00: scheduled__2021-03-13T18:32:00+00:00, externally triggered: False> successful
[2021-03-15 20:55:18,156] {scheduler_job.py:771} INFO - Examining DAG run <DagRun treino-02 @ 2021-03-13 18:34:00+00:00: scheduled__2021-03-13T18:34:00+00:00, externally triggered: False>
[2021-03-15 20:55:18,370] {scheduler_job.py:771} INFO - Examining DAG run <DagRun treino-02 @ 2021-03-13 18:36:00+00:00: scheduled__2021-03-13T18:36:00+00:00, externally triggered: False>
[2021-03-15 20:55:18,426] {scheduler_job.py:771} INFO - Examining DAG run <DagRun treino-02 @ 2021-03-13 18:38:00+00:00: scheduled__2021-03-13T18:38:00+00:00, externally triggered: False>
[2021-03-15 20:55:18,589] {scheduler_job.py:459} INFO - Skipping SLA check for <DAG: treino-02> because no tasks in DAG have SLAs
[2021-03-15 20:55:18,600] {scheduler_job.py:1668} INFO - Creating / updating <TaskInstance: treino-02.mostra-idade 2021-03-13 18:34:00+00:00 [scheduled]> in ORM
[2021-03-15 20:55:18,612] {scheduler_job.py:1668} INFO - Creating / updating <TaskInstance: treino-02.calcula-idade-media 2021-03-13 18:36:00+00:00 [scheduled]> in ORM
[2021-03-15 20:55:18,620] {scheduler_job.py:1668} INFO - Creating / updating <TaskInstance: treino-02.get_data 2021-03-13 18:38:00+00:00 [scheduled]> in ORM
[2021-03-15 20:55:18,646] {scheduler_job.py:162} INFO - Processing /home/alunoigti/airflow/dags/treino02.py took 1.822 seconds
[2021-03-15 20:56:56,531] {scheduler_job.py:154} INFO - Started process (PID=5899) to work on /home/alunoigti/airflow/dags/treino02.py
[2021-03-15 20:56:56,538] {scheduler_job.py:1589} INFO - Processing file /home/alunoigti/airflow/dags/treino02.py for tasks to queue
[2021-03-15 20:56:56,539] {logging_mixin.py:112} INFO - [2021-03-15 20:56:56,539] {dagbag.py:417} INFO - Filling up the DagBag from /home/alunoigti/airflow/dags/treino02.py
[2021-03-15 20:56:57,454] {scheduler_job.py:1601} INFO - DAG(s) dict_keys(['treino-02']) retrieved from /home/alunoigti/airflow/dags/treino02.py
[2021-03-15 20:56:57,555] {scheduler_job.py:1305} INFO - Processing treino-02
[2021-03-15 20:56:57,703] {scheduler_job.py:1315} INFO - Created <DagRun treino-02 @ 2021-03-13T18:40:00+00:00: scheduled__2021-03-13T18:40:00+00:00, externally triggered: False>
[2021-03-15 20:56:57,711] {scheduler_job.py:771} INFO - Examining DAG run <DagRun treino-02 @ 2021-03-13 18:34:00+00:00: scheduled__2021-03-13T18:34:00+00:00, externally triggered: False>
[2021-03-15 20:56:57,732] {logging_mixin.py:112} INFO - [2021-03-15 20:56:57,732] {dagrun.py:320} INFO - Marking run <DagRun treino-02 @ 2021-03-13 18:34:00+00:00: scheduled__2021-03-13T18:34:00+00:00, externally triggered: False> successful
[2021-03-15 20:56:57,754] {scheduler_job.py:771} INFO - Examining DAG run <DagRun treino-02 @ 2021-03-13 18:36:00+00:00: scheduled__2021-03-13T18:36:00+00:00, externally triggered: False>
[2021-03-15 20:56:57,952] {scheduler_job.py:771} INFO - Examining DAG run <DagRun treino-02 @ 2021-03-13 18:38:00+00:00: scheduled__2021-03-13T18:38:00+00:00, externally triggered: False>
[2021-03-15 20:56:57,977] {scheduler_job.py:771} INFO - Examining DAG run <DagRun treino-02 @ 2021-03-13 18:40:00+00:00: scheduled__2021-03-13T18:40:00+00:00, externally triggered: False>
[2021-03-15 20:56:58,186] {scheduler_job.py:459} INFO - Skipping SLA check for <DAG: treino-02> because no tasks in DAG have SLAs
[2021-03-15 20:56:58,205] {scheduler_job.py:1668} INFO - Creating / updating <TaskInstance: treino-02.mostra-idade 2021-03-13 18:36:00+00:00 [scheduled]> in ORM
[2021-03-15 20:56:58,222] {scheduler_job.py:1668} INFO - Creating / updating <TaskInstance: treino-02.calcula-idade-media 2021-03-13 18:38:00+00:00 [scheduled]> in ORM
[2021-03-15 20:56:58,230] {scheduler_job.py:1668} INFO - Creating / updating <TaskInstance: treino-02.get_data 2021-03-13 18:40:00+00:00 [scheduled]> in ORM
[2021-03-15 20:56:58,268] {scheduler_job.py:162} INFO - Processing /home/alunoigti/airflow/dags/treino02.py took 1.738 seconds
[2021-03-15 20:58:55,211] {scheduler_job.py:154} INFO - Started process (PID=6202) to work on /home/alunoigti/airflow/dags/treino02.py
[2021-03-15 20:58:55,222] {scheduler_job.py:1589} INFO - Processing file /home/alunoigti/airflow/dags/treino02.py for tasks to queue
[2021-03-15 20:58:55,224] {logging_mixin.py:112} INFO - [2021-03-15 20:58:55,223] {dagbag.py:417} INFO - Filling up the DagBag from /home/alunoigti/airflow/dags/treino02.py
[2021-03-15 20:58:55,643] {scheduler_job.py:1601} INFO - DAG(s) dict_keys(['treino-02']) retrieved from /home/alunoigti/airflow/dags/treino02.py
[2021-03-15 20:58:55,682] {scheduler_job.py:1305} INFO - Processing treino-02
[2021-03-15 20:58:55,773] {scheduler_job.py:1315} INFO - Created <DagRun treino-02 @ 2021-03-13T18:42:00+00:00: scheduled__2021-03-13T18:42:00+00:00, externally triggered: False>
[2021-03-15 20:58:55,779] {scheduler_job.py:771} INFO - Examining DAG run <DagRun treino-02 @ 2021-03-13 18:36:00+00:00: scheduled__2021-03-13T18:36:00+00:00, externally triggered: False>
[2021-03-15 20:58:55,880] {logging_mixin.py:112} INFO - [2021-03-15 20:58:55,879] {dagrun.py:320} INFO - Marking run <DagRun treino-02 @ 2021-03-13 18:36:00+00:00: scheduled__2021-03-13T18:36:00+00:00, externally triggered: False> successful
[2021-03-15 20:58:55,897] {scheduler_job.py:771} INFO - Examining DAG run <DagRun treino-02 @ 2021-03-13 18:38:00+00:00: scheduled__2021-03-13T18:38:00+00:00, externally triggered: False>
[2021-03-15 20:58:55,932] {scheduler_job.py:771} INFO - Examining DAG run <DagRun treino-02 @ 2021-03-13 18:40:00+00:00: scheduled__2021-03-13T18:40:00+00:00, externally triggered: False>
[2021-03-15 20:58:55,953] {scheduler_job.py:771} INFO - Examining DAG run <DagRun treino-02 @ 2021-03-13 18:42:00+00:00: scheduled__2021-03-13T18:42:00+00:00, externally triggered: False>
[2021-03-15 20:58:56,070] {scheduler_job.py:459} INFO - Skipping SLA check for <DAG: treino-02> because no tasks in DAG have SLAs
[2021-03-15 20:58:56,088] {scheduler_job.py:1668} INFO - Creating / updating <TaskInstance: treino-02.mostra-idade 2021-03-13 18:38:00+00:00 [scheduled]> in ORM
[2021-03-15 20:58:56,097] {scheduler_job.py:1668} INFO - Creating / updating <TaskInstance: treino-02.calcula-idade-media 2021-03-13 18:40:00+00:00 [scheduled]> in ORM
[2021-03-15 20:58:56,105] {scheduler_job.py:1668} INFO - Creating / updating <TaskInstance: treino-02.get_data 2021-03-13 18:42:00+00:00 [scheduled]> in ORM
[2021-03-15 20:58:56,132] {scheduler_job.py:162} INFO - Processing /home/alunoigti/airflow/dags/treino02.py took 0.921 seconds
