[2021-03-15 20:29:47,903] {scheduler_job.py:154} INFO - Started process (PID=55732) to work on /home/alunoigti/airflow/dags/treino01.py
[2021-03-15 20:29:48,081] {scheduler_job.py:1589} INFO - Processing file /home/alunoigti/airflow/dags/treino01.py for tasks to queue
[2021-03-15 20:29:48,119] {logging_mixin.py:112} INFO - [2021-03-15 20:29:48,119] {dagbag.py:417} INFO - Filling up the DagBag from /home/alunoigti/airflow/dags/treino01.py
[2021-03-15 20:29:48,368] {scheduler_job.py:1601} INFO - DAG(s) dict_keys(['treino-01']) retrieved from /home/alunoigti/airflow/dags/treino01.py
[2021-03-15 20:29:48,944] {scheduler_job.py:162} INFO - Processing /home/alunoigti/airflow/dags/treino01.py took 1.042 seconds
[2021-03-15 20:31:16,540] {scheduler_job.py:154} INFO - Started process (PID=55921) to work on /home/alunoigti/airflow/dags/treino01.py
[2021-03-15 20:31:16,550] {scheduler_job.py:1589} INFO - Processing file /home/alunoigti/airflow/dags/treino01.py for tasks to queue
[2021-03-15 20:31:16,552] {logging_mixin.py:112} INFO - [2021-03-15 20:31:16,552] {dagbag.py:417} INFO - Filling up the DagBag from /home/alunoigti/airflow/dags/treino01.py
[2021-03-15 20:31:16,558] {scheduler_job.py:1601} INFO - DAG(s) dict_keys(['treino-01']) retrieved from /home/alunoigti/airflow/dags/treino01.py
[2021-03-15 20:31:16,593] {scheduler_job.py:162} INFO - Processing /home/alunoigti/airflow/dags/treino01.py took 0.053 seconds
[2021-03-15 20:32:35,871] {scheduler_job.py:154} INFO - Started process (PID=56170) to work on /home/alunoigti/airflow/dags/treino01.py
[2021-03-15 20:32:35,874] {scheduler_job.py:1589} INFO - Processing file /home/alunoigti/airflow/dags/treino01.py for tasks to queue
[2021-03-15 20:32:35,879] {logging_mixin.py:112} INFO - [2021-03-15 20:32:35,879] {dagbag.py:417} INFO - Filling up the DagBag from /home/alunoigti/airflow/dags/treino01.py
[2021-03-15 20:32:35,891] {scheduler_job.py:1601} INFO - DAG(s) dict_keys(['treino-01']) retrieved from /home/alunoigti/airflow/dags/treino01.py
[2021-03-15 20:32:35,919] {scheduler_job.py:162} INFO - Processing /home/alunoigti/airflow/dags/treino01.py took 0.049 seconds
[2021-03-15 20:33:55,289] {scheduler_job.py:154} INFO - Started process (PID=56423) to work on /home/alunoigti/airflow/dags/treino01.py
[2021-03-15 20:33:55,293] {scheduler_job.py:1589} INFO - Processing file /home/alunoigti/airflow/dags/treino01.py for tasks to queue
[2021-03-15 20:33:55,295] {logging_mixin.py:112} INFO - [2021-03-15 20:33:55,295] {dagbag.py:417} INFO - Filling up the DagBag from /home/alunoigti/airflow/dags/treino01.py
[2021-03-15 20:33:55,301] {scheduler_job.py:1601} INFO - DAG(s) dict_keys(['treino-01']) retrieved from /home/alunoigti/airflow/dags/treino01.py
[2021-03-15 20:33:55,336] {scheduler_job.py:162} INFO - Processing /home/alunoigti/airflow/dags/treino01.py took 0.047 seconds
[2021-03-15 20:35:16,314] {scheduler_job.py:154} INFO - Started process (PID=56669) to work on /home/alunoigti/airflow/dags/treino01.py
[2021-03-15 20:35:16,324] {scheduler_job.py:1589} INFO - Processing file /home/alunoigti/airflow/dags/treino01.py for tasks to queue
[2021-03-15 20:35:16,326] {logging_mixin.py:112} INFO - [2021-03-15 20:35:16,325] {dagbag.py:417} INFO - Filling up the DagBag from /home/alunoigti/airflow/dags/treino01.py
[2021-03-15 20:35:16,332] {scheduler_job.py:1601} INFO - DAG(s) dict_keys(['treino-01']) retrieved from /home/alunoigti/airflow/dags/treino01.py
[2021-03-15 20:35:16,363] {scheduler_job.py:162} INFO - Processing /home/alunoigti/airflow/dags/treino01.py took 0.049 seconds
[2021-03-15 20:54:40,802] {scheduler_job.py:154} INFO - Started process (PID=5542) to work on /home/alunoigti/airflow/dags/treino01.py
[2021-03-15 20:54:40,807] {scheduler_job.py:1589} INFO - Processing file /home/alunoigti/airflow/dags/treino01.py for tasks to queue
[2021-03-15 20:54:40,809] {logging_mixin.py:112} INFO - [2021-03-15 20:54:40,809] {dagbag.py:417} INFO - Filling up the DagBag from /home/alunoigti/airflow/dags/treino01.py
[2021-03-15 20:54:40,816] {scheduler_job.py:1601} INFO - DAG(s) dict_keys(['treino-01']) retrieved from /home/alunoigti/airflow/dags/treino01.py
[2021-03-15 20:54:40,862] {scheduler_job.py:162} INFO - Processing /home/alunoigti/airflow/dags/treino01.py took 0.060 seconds
[2021-03-15 20:56:04,827] {scheduler_job.py:154} INFO - Started process (PID=5691) to work on /home/alunoigti/airflow/dags/treino01.py
[2021-03-15 20:56:04,833] {scheduler_job.py:1589} INFO - Processing file /home/alunoigti/airflow/dags/treino01.py for tasks to queue
[2021-03-15 20:56:04,838] {logging_mixin.py:112} INFO - [2021-03-15 20:56:04,836] {dagbag.py:417} INFO - Filling up the DagBag from /home/alunoigti/airflow/dags/treino01.py
[2021-03-15 20:56:04,852] {scheduler_job.py:1601} INFO - DAG(s) dict_keys(['treino-01']) retrieved from /home/alunoigti/airflow/dags/treino01.py
[2021-03-15 20:56:04,928] {scheduler_job.py:162} INFO - Processing /home/alunoigti/airflow/dags/treino01.py took 0.101 seconds
[2021-03-15 20:57:43,442] {scheduler_job.py:154} INFO - Started process (PID=5983) to work on /home/alunoigti/airflow/dags/treino01.py
[2021-03-15 20:57:43,453] {scheduler_job.py:1589} INFO - Processing file /home/alunoigti/airflow/dags/treino01.py for tasks to queue
[2021-03-15 20:57:43,458] {logging_mixin.py:112} INFO - [2021-03-15 20:57:43,458] {dagbag.py:417} INFO - Filling up the DagBag from /home/alunoigti/airflow/dags/treino01.py
[2021-03-15 20:57:43,465] {scheduler_job.py:1601} INFO - DAG(s) dict_keys(['treino-01']) retrieved from /home/alunoigti/airflow/dags/treino01.py
[2021-03-15 20:57:43,509] {scheduler_job.py:162} INFO - Processing /home/alunoigti/airflow/dags/treino01.py took 0.067 seconds
[2021-03-15 20:59:43,454] {scheduler_job.py:154} INFO - Started process (PID=6414) to work on /home/alunoigti/airflow/dags/treino01.py
[2021-03-15 20:59:43,466] {scheduler_job.py:1589} INFO - Processing file /home/alunoigti/airflow/dags/treino01.py for tasks to queue
[2021-03-15 20:59:43,468] {logging_mixin.py:112} INFO - [2021-03-15 20:59:43,468] {dagbag.py:417} INFO - Filling up the DagBag from /home/alunoigti/airflow/dags/treino01.py
[2021-03-15 20:59:43,478] {scheduler_job.py:1601} INFO - DAG(s) dict_keys(['treino-01']) retrieved from /home/alunoigti/airflow/dags/treino01.py
[2021-03-15 20:59:43,520] {scheduler_job.py:162} INFO - Processing /home/alunoigti/airflow/dags/treino01.py took 0.066 seconds
