[2021-03-15 20:30:07,609] {scheduler_job.py:154} INFO - Started process (PID=55806) to work on /home/alunoigti/airflow/dags/tuto.py
[2021-03-15 20:30:07,648] {scheduler_job.py:1589} INFO - Processing file /home/alunoigti/airflow/dags/tuto.py for tasks to queue
[2021-03-15 20:30:07,671] {logging_mixin.py:112} INFO - [2021-03-15 20:30:07,671] {dagbag.py:417} INFO - Filling up the DagBag from /home/alunoigti/airflow/dags/tuto.py
[2021-03-15 20:30:07,719] {scheduler_job.py:1601} INFO - DAG(s) dict_keys(['tutorial']) retrieved from /home/alunoigti/airflow/dags/tuto.py
[2021-03-15 20:30:07,869] {scheduler_job.py:162} INFO - Processing /home/alunoigti/airflow/dags/tuto.py took 0.260 seconds
[2021-03-15 20:31:36,568] {scheduler_job.py:154} INFO - Started process (PID=56079) to work on /home/alunoigti/airflow/dags/tuto.py
[2021-03-15 20:31:36,577] {scheduler_job.py:1589} INFO - Processing file /home/alunoigti/airflow/dags/tuto.py for tasks to queue
[2021-03-15 20:31:36,578] {logging_mixin.py:112} INFO - [2021-03-15 20:31:36,578] {dagbag.py:417} INFO - Filling up the DagBag from /home/alunoigti/airflow/dags/tuto.py
[2021-03-15 20:31:36,602] {scheduler_job.py:1601} INFO - DAG(s) dict_keys(['tutorial']) retrieved from /home/alunoigti/airflow/dags/tuto.py
[2021-03-15 20:31:36,689] {scheduler_job.py:162} INFO - Processing /home/alunoigti/airflow/dags/tuto.py took 0.121 seconds
[2021-03-15 20:32:55,906] {scheduler_job.py:154} INFO - Started process (PID=56193) to work on /home/alunoigti/airflow/dags/tuto.py
[2021-03-15 20:32:55,909] {scheduler_job.py:1589} INFO - Processing file /home/alunoigti/airflow/dags/tuto.py for tasks to queue
[2021-03-15 20:32:55,919] {logging_mixin.py:112} INFO - [2021-03-15 20:32:55,919] {dagbag.py:417} INFO - Filling up the DagBag from /home/alunoigti/airflow/dags/tuto.py
[2021-03-15 20:32:55,943] {scheduler_job.py:1601} INFO - DAG(s) dict_keys(['tutorial']) retrieved from /home/alunoigti/airflow/dags/tuto.py
[2021-03-15 20:32:56,029] {scheduler_job.py:162} INFO - Processing /home/alunoigti/airflow/dags/tuto.py took 0.127 seconds
[2021-03-15 20:34:15,319] {scheduler_job.py:154} INFO - Started process (PID=56448) to work on /home/alunoigti/airflow/dags/tuto.py
[2021-03-15 20:34:15,331] {scheduler_job.py:1589} INFO - Processing file /home/alunoigti/airflow/dags/tuto.py for tasks to queue
[2021-03-15 20:34:15,339] {logging_mixin.py:112} INFO - [2021-03-15 20:34:15,339] {dagbag.py:417} INFO - Filling up the DagBag from /home/alunoigti/airflow/dags/tuto.py
[2021-03-15 20:34:15,358] {scheduler_job.py:1601} INFO - DAG(s) dict_keys(['tutorial']) retrieved from /home/alunoigti/airflow/dags/tuto.py
[2021-03-15 20:34:15,437] {scheduler_job.py:162} INFO - Processing /home/alunoigti/airflow/dags/tuto.py took 0.118 seconds
[2021-03-15 20:35:36,370] {scheduler_job.py:154} INFO - Started process (PID=56694) to work on /home/alunoigti/airflow/dags/tuto.py
[2021-03-15 20:35:36,381] {scheduler_job.py:1589} INFO - Processing file /home/alunoigti/airflow/dags/tuto.py for tasks to queue
[2021-03-15 20:35:36,387] {logging_mixin.py:112} INFO - [2021-03-15 20:35:36,386] {dagbag.py:417} INFO - Filling up the DagBag from /home/alunoigti/airflow/dags/tuto.py
[2021-03-15 20:35:36,422] {scheduler_job.py:1601} INFO - DAG(s) dict_keys(['tutorial']) retrieved from /home/alunoigti/airflow/dags/tuto.py
[2021-03-15 20:35:36,615] {scheduler_job.py:162} INFO - Processing /home/alunoigti/airflow/dags/tuto.py took 0.245 seconds
[2021-03-15 20:53:30,687] {scheduler_job.py:154} INFO - Started process (PID=5303) to work on /home/alunoigti/airflow/dags/tuto.py
[2021-03-15 20:53:30,697] {scheduler_job.py:1589} INFO - Processing file /home/alunoigti/airflow/dags/tuto.py for tasks to queue
[2021-03-15 20:53:30,712] {logging_mixin.py:112} INFO - [2021-03-15 20:53:30,711] {dagbag.py:417} INFO - Filling up the DagBag from /home/alunoigti/airflow/dags/tuto.py
[2021-03-15 20:53:30,737] {scheduler_job.py:1601} INFO - DAG(s) dict_keys(['tutorial']) retrieved from /home/alunoigti/airflow/dags/tuto.py
[2021-03-15 20:53:30,842] {scheduler_job.py:162} INFO - Processing /home/alunoigti/airflow/dags/tuto.py took 0.155 seconds
[2021-03-15 20:55:10,833] {scheduler_job.py:154} INFO - Started process (PID=5595) to work on /home/alunoigti/airflow/dags/tuto.py
[2021-03-15 20:55:10,843] {scheduler_job.py:1589} INFO - Processing file /home/alunoigti/airflow/dags/tuto.py for tasks to queue
[2021-03-15 20:55:10,845] {logging_mixin.py:112} INFO - [2021-03-15 20:55:10,844] {dagbag.py:417} INFO - Filling up the DagBag from /home/alunoigti/airflow/dags/tuto.py
[2021-03-15 20:55:10,852] {scheduler_job.py:1601} INFO - DAG(s) dict_keys(['tutorial']) retrieved from /home/alunoigti/airflow/dags/tuto.py
[2021-03-15 20:55:10,884] {scheduler_job.py:162} INFO - Processing /home/alunoigti/airflow/dags/tuto.py took 0.051 seconds
[2021-03-15 20:56:50,489] {scheduler_job.py:154} INFO - Started process (PID=5891) to work on /home/alunoigti/airflow/dags/tuto.py
[2021-03-15 20:56:50,507] {scheduler_job.py:1589} INFO - Processing file /home/alunoigti/airflow/dags/tuto.py for tasks to queue
[2021-03-15 20:56:50,509] {logging_mixin.py:112} INFO - [2021-03-15 20:56:50,509] {dagbag.py:417} INFO - Filling up the DagBag from /home/alunoigti/airflow/dags/tuto.py
[2021-03-15 20:56:50,513] {scheduler_job.py:1601} INFO - DAG(s) dict_keys(['tutorial']) retrieved from /home/alunoigti/airflow/dags/tuto.py
[2021-03-15 20:56:50,572] {scheduler_job.py:162} INFO - Processing /home/alunoigti/airflow/dags/tuto.py took 0.083 seconds
[2021-03-15 20:58:49,209] {scheduler_job.py:154} INFO - Started process (PID=6196) to work on /home/alunoigti/airflow/dags/tuto.py
[2021-03-15 20:58:49,230] {scheduler_job.py:1589} INFO - Processing file /home/alunoigti/airflow/dags/tuto.py for tasks to queue
[2021-03-15 20:58:49,233] {logging_mixin.py:112} INFO - [2021-03-15 20:58:49,233] {dagbag.py:417} INFO - Filling up the DagBag from /home/alunoigti/airflow/dags/tuto.py
[2021-03-15 20:58:49,252] {scheduler_job.py:1601} INFO - DAG(s) dict_keys(['tutorial']) retrieved from /home/alunoigti/airflow/dags/tuto.py
[2021-03-15 20:58:49,328] {scheduler_job.py:162} INFO - Processing /home/alunoigti/airflow/dags/tuto.py took 0.119 seconds
